{
  "uid" : "93ac7f2a29911da7",
  "name" : "test_2",
  "fullName" : "test_case.test_case_01#test_2",
  "historyId" : "b6214ae89660c97e3a598e01dae1ba06",
  "time" : {
    "start" : 1587532193021,
    "stop" : 1587532193021,
    "duration" : 0
  },
  "status" : "failed",
  "statusMessage" : "AssertionError: assert 1 == 2",
  "statusTrace" : "def test_2():\n        print(\"test_2\")\n>       assert 1 == 2\nE       assert 1 == 2\n\n../test_case/test_case_01.py:8: AssertionError",
  "flaky" : false,
  "newFailed" : false,
  "beforeStages" : [ ],
  "testStage" : {
    "status" : "failed",
    "statusMessage" : "AssertionError: assert 1 == 2",
    "statusTrace" : "def test_2():\n        print(\"test_2\")\n>       assert 1 == 2\nE       assert 1 == 2\n\n../test_case/test_case_01.py:8: AssertionError",
    "steps" : [ ],
    "attachments" : [ {
      "uid" : "24ac5dfa6036748c",
      "name" : "stdout",
      "source" : "24ac5dfa6036748c.txt",
      "type" : "text/plain",
      "size" : 7
    } ],
    "parameters" : [ ],
    "stepsCount" : 0,
    "attachmentsCount" : 1,
    "shouldDisplayMessage" : true,
    "hasContent" : true
  },
  "afterStages" : [ ],
  "labels" : [ {
    "name" : "parentSuite",
    "value" : "test_case"
  }, {
    "name" : "suite",
    "value" : "test_case_01"
  }, {
    "name" : "host",
    "value" : "CreamK"
  }, {
    "name" : "thread",
    "value" : "39474-MainThread"
  }, {
    "name" : "framework",
    "value" : "pytest"
  }, {
    "name" : "language",
    "value" : "cpython3"
  }, {
    "name" : "package",
    "value" : "test_case.test_case_01"
  }, {
    "name" : "resultFormat",
    "value" : "allure2"
  } ],
  "parameters" : [ ],
  "links" : [ ],
  "hidden" : true,
  "retry" : true,
  "extra" : {
    "categories" : [ ],
    "tags" : [ ]
  },
  "source" : "93ac7f2a29911da7.json",
  "parameterValues" : [ ]
}