{"name": "test_2", "status": "failed", "statusDetails": {"message": "AssertionError: assert 1 == 2", "trace": "def test_2():\n        print(\"test_2\")\n>       assert 1 == 2\nE       assert 1 == 2\n\n../test_case/test_case_01.py:8: AssertionError"}, "attachments": [{"name": "stdout", "source": "0025bd53-a7b3-4119-b7b2-46650d4fde88-attachment.txt", "type": "text/plain"}], "start": 1587532193021, "stop": 1587532193021, "uuid": "5f5aa8d0-36d3-48e8-8fd4-a8cd0fdf16bc", "historyId": "b6214ae89660c97e3a598e01dae1ba06", "testCaseId": "cc6896423e23cb37cfe55037c3b2ef64", "fullName": "test_case.test_case_01#test_2", "labels": [{"name": "parentSuite", "value": "test_case"}, {"name": "suite", "value": "test_case_01"}, {"name": "host", "value": "CreamK"}, {"name": "thread", "value": "39474-MainThread"}, {"name": "framework", "value": "pytest"}, {"name": "language", "value": "cpython3"}, {"name": "package", "value": "test_case.test_case_01"}]}